0 verbose cli C:\Program Files\nodejs\node.exe C:\Program Files\nodejs\node_modules\npm\bin\npm-cli.js
1 info using npm@11.6.2
2 info using node@v25.2.1
3 silly config load:file:C:\Program Files\nodejs\node_modules\npm\npmrc
4 silly config load:file:C:\phero\b13-a7-keen-keeper\.npmrc
5 silly config load:file:C:\Users\easyr\.npmrc
6 silly config load:file:C:\Users\easyr\AppData\Roaming\npm\etc\npmrc
7 verbose title npm install recharts
8 verbose argv "install" "recharts"
9 verbose logfile logs-max:10 dir:C:\phero\b13-a7-keen-keeper\.npm-cache\_logs\2026-04-17T08_58_36_108Z-
10 verbose logfile C:\phero\b13-a7-keen-keeper\.npm-cache\_logs\2026-04-17T08_58_36_108Z-debug-0.log
11 silly logfile done cleaning log files
12 silly packumentCache heap:4496293888 maxSize:1124073472 maxEntrySize:562036736
13 silly idealTree buildDeps
14 silly fetch manifest recharts@*
15 silly packumentCache full:https://registry.npmjs.org/recharts cache-miss
16 http fetch GET 200 https://registry.npmjs.org/recharts 499ms (cache miss)
17 silly packumentCache full:https://registry.npmjs.org/recharts set size:undefined disposed:false
18 silly fetch manifest react@19.2.4
19 silly packumentCache full:https://registry.npmjs.org/react cache-miss
20 http fetch GET 200 https://registry.npmjs.org/react 129ms (cache revalidated)
21 silly packumentCache full:https://registry.npmjs.org/react set size:6609926 disposed:false
22 silly fetch manifest react-dom@19.2.4
23 silly packumentCache full:https://registry.npmjs.org/react-dom cache-miss
24 http fetch GET 200 https://registry.npmjs.org/react-dom 394ms (cache miss)
25 silly packumentCache full:https://registry.npmjs.org/react-dom set size:undefined disposed:false
26 silly fetch manifest react-is@^16.8.0 || ^17.0.0 || ^18.0.0 || ^19.0.0
27 silly packumentCache full:https://registry.npmjs.org/react-is cache-miss
28 http fetch GET 200 https://registry.npmjs.org/react-is 199ms (cache miss)
29 silly packumentCache full:https://registry.npmjs.org/react-is set size:undefined disposed:false
30 silly placeDep ROOT recharts@3.8.1 OK for: b13-a7-keen-keeper@0.1.0 want: *
31 silly fetch manifest @reduxjs/toolkit@^1.9.0 || 2.x.x
32 silly packumentCache full:https://registry.npmjs.org/@reduxjs%2ftoolkit cache-miss
33 silly fetch manifest decimal.js-light@^2.5.1
34 silly packumentCache full:https://registry.npmjs.org/decimal.js-light cache-miss
35 silly fetch manifest es-toolkit@^1.39.3
36 silly packumentCache full:https://registry.npmjs.org/es-toolkit cache-miss
37 silly fetch manifest eventemitter3@^5.0.1
38 silly packumentCache full:https://registry.npmjs.org/eventemitter3 cache-miss
39 silly fetch manifest immer@^10.1.1
40 silly packumentCache full:https://registry.npmjs.org/immer cache-miss
41 silly fetch manifest react-redux@8.x.x || 9.x.x
42 silly packumentCache full:https://registry.npmjs.org/react-redux cache-miss
43 silly fetch manifest reselect@5.1.1
44 silly packumentCache full:https://registry.npmjs.org/reselect cache-miss
45 silly fetch manifest tiny-invariant@^1.3.3
46 silly packumentCache full:https://registry.npmjs.org/tiny-invariant cache-miss
47 silly fetch manifest use-sync-external-store@^1.2.2
48 silly packumentCache full:https://registry.npmjs.org/use-sync-external-store cache-miss
49 silly fetch manifest victory-vendor@^37.0.2
50 silly packumentCache full:https://registry.npmjs.org/victory-vendor cache-miss
51 http fetch GET 200 https://registry.npmjs.org/@reduxjs%2ftoolkit 141ms (cache miss)
52 silly packumentCache full:https://registry.npmjs.org/@reduxjs%2ftoolkit set size:undefined disposed:false
53 http fetch GET 200 https://registry.npmjs.org/decimal.js-light 407ms (cache miss)
54 silly packumentCache full:https://registry.npmjs.org/decimal.js-light set size:undefined disposed:false
55 http fetch GET 200 https://registry.npmjs.org/tiny-invariant 467ms (cache miss)
56 silly packumentCache full:https://registry.npmjs.org/tiny-invariant set size:undefined disposed:false
57 http fetch GET 200 https://registry.npmjs.org/eventemitter3 489ms (cache miss)
58 silly packumentCache full:https://registry.npmjs.org/eventemitter3 set size:undefined disposed:false
59 http fetch GET 200 https://registry.npmjs.org/victory-vendor 489ms (cache miss)
60 silly packumentCache full:https://registry.npmjs.org/victory-vendor set size:undefined disposed:false
61 http fetch GET 200 https://registry.npmjs.org/react-redux 511ms (cache miss)
62 silly packumentCache full:https://registry.npmjs.org/react-redux set size:undefined disposed:false
63 http fetch GET 200 https://registry.npmjs.org/reselect 520ms (cache miss)
64 silly packumentCache full:https://registry.npmjs.org/reselect set size:undefined disposed:false
65 http fetch GET 200 https://registry.npmjs.org/immer 542ms (cache miss)
66 silly packumentCache full:https://registry.npmjs.org/immer set size:undefined disposed:false
67 http fetch GET 200 https://registry.npmjs.org/es-toolkit 578ms (cache miss)
68 silly packumentCache full:https://registry.npmjs.org/es-toolkit set size:undefined disposed:false
69 http fetch GET 200 https://registry.npmjs.org/use-sync-external-store 682ms (cache miss)
70 silly packumentCache full:https://registry.npmjs.org/use-sync-external-store set size:undefined disposed:false
71 silly fetch manifest react@^16.8.0 || ^17.0.0 || ^18.0.0 || ^19.0.0
72 silly packumentCache full:https://registry.npmjs.org/react cache-miss
73 http cache https://registry.npmjs.org/react 17ms (cache hit)
74 silly packumentCache full:https://registry.npmjs.org/react set size:6609926 disposed:false
75 silly fetch manifest @types/react@^18.2.25 || ^19
76 silly packumentCache full:https://registry.npmjs.org/@types%2freact cache-miss
77 http fetch GET 200 https://registry.npmjs.org/@types%2freact 156ms (cache miss)
78 silly packumentCache full:https://registry.npmjs.org/@types%2freact set size:undefined disposed:false
79 silly fetch manifest redux@^5.0.0
80 silly packumentCache full:https://registry.npmjs.org/redux cache-miss
81 http fetch GET 200 https://registry.npmjs.org/redux 194ms (cache miss)
82 silly packumentCache full:https://registry.npmjs.org/redux set size:undefined disposed:false
83 silly placeDep ROOT @reduxjs/toolkit@2.11.2 OK for: recharts@3.8.1 want: ^1.9.0 || 2.x.x
84 silly placeDep ROOT decimal.js-light@2.5.1 OK for: recharts@3.8.1 want: ^2.5.1
85 silly placeDep ROOT es-toolkit@1.45.1 OK for: recharts@3.8.1 want: ^1.39.3
86 silly placeDep ROOT eventemitter3@5.0.4 OK for: recharts@3.8.1 want: ^5.0.1
87 silly placeDep ROOT immer@10.2.0 OK for: recharts@3.8.1 want: ^10.1.1
88 silly placeDep ROOT react-redux@9.2.0 OK for: recharts@3.8.1 want: 8.x.x || 9.x.x
89 silly placeDep ROOT reselect@5.1.1 OK for: recharts@3.8.1 want: 5.1.1
90 silly placeDep ROOT tiny-invariant@1.3.3 OK for: recharts@3.8.1 want: ^1.3.3
91 silly placeDep ROOT use-sync-external-store@1.6.0 OK for: recharts@3.8.1 want: ^1.2.2
92 silly placeDep ROOT victory-vendor@37.3.6 OK for: recharts@3.8.1 want: ^37.0.2
93 silly fetch manifest @standard-schema/spec@^1.0.0
94 silly packumentCache full:https://registry.npmjs.org/@standard-schema%2fspec cache-miss
95 silly fetch manifest @standard-schema/utils@^0.3.0
96 silly packumentCache full:https://registry.npmjs.org/@standard-schema%2futils cache-miss
97 silly fetch manifest immer@^11.0.0
98 silly packumentCache full:https://registry.npmjs.org/immer cache-miss
99 silly fetch manifest redux@^5.0.1
100 silly packumentCache full:https://registry.npmjs.org/redux cache-miss
101 silly fetch manifest redux-thunk@^3.1.0
102 silly packumentCache full:https://registry.npmjs.org/redux-thunk cache-miss
103 silly fetch manifest reselect@^5.1.0
104 silly packumentCache full:https://registry.npmjs.org/reselect cache-miss
105 silly fetch manifest @types/use-sync-external-store@^0.0.6
106 silly packumentCache full:https://registry.npmjs.org/@types%2fuse-sync-external-store cache-miss
107 silly fetch manifest use-sync-external-store@^1.4.0
108 silly packumentCache full:https://registry.npmjs.org/use-sync-external-store cache-miss
109 silly fetch manifest d3-ease@^3.0.1
110 silly packumentCache full:https://registry.npmjs.org/d3-ease cache-miss
111 silly fetch manifest d3-time@^3.0.0
112 silly packumentCache full:https://registry.npmjs.org/d3-time cache-miss
113 silly fetch manifest d3-array@^3.1.6
114 silly packumentCache full:https://registry.npmjs.org/d3-array cache-miss
115 silly fetch manifest d3-scale@^4.0.2
116 silly packumentCache full:https://registry.npmjs.org/d3-scale cache-miss
117 silly fetch manifest d3-shape@^3.1.0
118 silly packumentCache full:https://registry.npmjs.org/d3-shape cache-miss
119 silly fetch manifest d3-timer@^3.0.1
120 silly packumentCache full:https://registry.npmjs.org/d3-timer cache-miss
121 silly fetch manifest @types/d3-ease@^3.0.0
122 silly packumentCache full:https://registry.npmjs.org/@types%2fd3-ease cache-miss
123 http cache https://registry.npmjs.org/immer 24ms (cache hit)
124 silly packumentCache full:https://registry.npmjs.org/immer set size:747136 disposed:false
125 silly fetch manifest @types/d3-time@^3.0.0
126 silly packumentCache full:https://registry.npmjs.org/@types%2fd3-time cache-miss
127 http cache https://registry.npmjs.org/reselect 32ms (cache hit)
128 silly packumentCache full:https://registry.npmjs.org/reselect set size:910470 disposed:false
129 silly fetch manifest d3-interpolate@^3.0.1
130 silly packumentCache full:https://registry.npmjs.org/d3-interpolate cache-miss
131 http cache https://registry.npmjs.org/use-sync-external-store 42ms (cache hit)
132 silly packumentCache full:https://registry.npmjs.org/use-sync-external-store set size:4635315 disposed:false
133 silly fetch manifest @types/d3-array@^3.0.3
134 silly packumentCache full:https://registry.npmjs.org/@types%2fd3-array cache-miss
135 http cache https://registry.npmjs.org/redux 62ms (cache hit)
136 silly packumentCache full:https://registry.npmjs.org/redux set size:553833 disposed:false
137 silly fetch manifest @types/d3-scale@^4.0.2
138 silly packumentCache full:https://registry.npmjs.org/@types%2fd3-scale cache-miss
139 http fetch GET 200 https://registry.npmjs.org/d3-time 101ms (cache miss)
140 silly packumentCache full:https://registry.npmjs.org/d3-time set size:undefined disposed:false
141 silly fetch manifest @types/d3-shape@^3.1.0
142 silly packumentCache full:https://registry.npmjs.org/@types%2fd3-shape cache-miss
143 http fetch GET 200 https://registry.npmjs.org/d3-ease 111ms (cache miss)
144 silly packumentCache full:https://registry.npmjs.org/d3-ease set size:undefined disposed:false
145 silly fetch manifest @types/d3-timer@^3.0.0
146 silly packumentCache full:https://registry.npmjs.org/@types%2fd3-timer cache-miss
147 http fetch GET 200 https://registry.npmjs.org/@types%2fuse-sync-external-store 134ms (cache miss)
148 silly packumentCache full:https://registry.npmjs.org/@types%2fuse-sync-external-store set size:undefined disposed:false
149 silly fetch manifest @types/d3-interpolate@^3.0.1
150 silly packumentCache full:https://registry.npmjs.org/@types%2fd3-interpolate cache-miss
151 http fetch GET 200 https://registry.npmjs.org/d3-timer 134ms (cache miss)
152 silly packumentCache full:https://registry.npmjs.org/d3-timer set size:undefined disposed:false
153 http fetch GET 200 https://registry.npmjs.org/redux-thunk 139ms (cache miss)
154 silly packumentCache full:https://registry.npmjs.org/redux-thunk set size:undefined disposed:false
155 http fetch GET 200 https://registry.npmjs.org/d3-shape 139ms (cache miss)
156 silly packumentCache full:https://registry.npmjs.org/d3-shape set size:undefined disposed:false
157 http fetch GET 200 https://registry.npmjs.org/@standard-schema%2futils 151ms (cache miss)
158 silly packumentCache full:https://registry.npmjs.org/@standard-schema%2futils set size:undefined disposed:false
159 http fetch GET 200 https://registry.npmjs.org/d3-scale 149ms (cache miss)
160 silly packumentCache full:https://registry.npmjs.org/d3-scale set size:undefined disposed:false
161 http fetch GET 200 https://registry.npmjs.org/@standard-schema%2fspec 158ms (cache miss)
162 silly packumentCache full:https://registry.npmjs.org/@standard-schema%2fspec set size:undefined disposed:false
163 http fetch GET 200 https://registry.npmjs.org/d3-array 157ms (cache miss)
164 silly packumentCache full:https://registry.npmjs.org/d3-array set size:undefined disposed:false
165 http fetch GET 200 https://registry.npmjs.org/@types%2fd3-shape 103ms (cache miss)
166 silly packumentCache full:https://registry.npmjs.org/@types%2fd3-shape set size:undefined disposed:false
167 http fetch GET 200 https://registry.npmjs.org/@types%2fd3-timer 111ms (cache miss)
168 silly packumentCache full:https://registry.npmjs.org/@types%2fd3-timer set size:undefined disposed:false
169 http fetch GET 200 https://registry.npmjs.org/@types%2fd3-interpolate 122ms (cache miss)
170 silly packumentCache full:https://registry.npmjs.org/@types%2fd3-interpolate set size:undefined disposed:false
171 http fetch GET 200 https://registry.npmjs.org/@types%2fd3-time 322ms (cache miss)
172 silly packumentCache full:https://registry.npmjs.org/@types%2fd3-time set size:undefined disposed:false
173 http fetch GET 200 https://registry.npmjs.org/d3-interpolate 351ms (cache miss)
174 silly packumentCache full:https://registry.npmjs.org/d3-interpolate set size:undefined disposed:false
175 http fetch GET 200 https://registry.npmjs.org/@types%2fd3-ease 386ms (cache miss)
176 silly packumentCache full:https://registry.npmjs.org/@types%2fd3-ease set size:undefined disposed:false
177 http fetch GET 200 https://registry.npmjs.org/@types%2fd3-scale 329ms (cache miss)
178 silly packumentCache full:https://registry.npmjs.org/@types%2fd3-scale set size:undefined disposed:false
179 http fetch GET 200 https://registry.npmjs.org/@types%2fd3-array 380ms (cache miss)
180 silly packumentCache full:https://registry.npmjs.org/@types%2fd3-array set size:undefined disposed:false
181 silly placeDep ROOT @standard-schema/spec@1.1.0 OK for: @reduxjs/toolkit@2.11.2 want: ^1.0.0
182 silly placeDep ROOT @standard-schema/utils@0.3.0 OK for: @reduxjs/toolkit@2.11.2 want: ^0.3.0
183 silly placeDep node_modules/@reduxjs/toolkit immer@11.1.4 OK for: @reduxjs/toolkit@2.11.2 want: ^11.0.0
184 silly placeDep ROOT redux@5.0.1 OK for: @reduxjs/toolkit@2.11.2 want: ^5.0.1
185 silly placeDep ROOT redux-thunk@3.1.0 OK for: @reduxjs/toolkit@2.11.2 want: ^3.1.0
186 silly placeDep ROOT @types/use-sync-external-store@0.0.6 OK for: react-redux@9.2.0 want: ^0.0.6
187 silly placeDep ROOT @types/d3-array@3.2.2 OK for: victory-vendor@37.3.6 want: ^3.0.3
188 silly placeDep ROOT @types/d3-ease@3.0.2 OK for: victory-vendor@37.3.6 want: ^3.0.0
189 silly placeDep ROOT @types/d3-interpolate@3.0.4 OK for: victory-vendor@37.3.6 want: ^3.0.1
190 silly placeDep ROOT @types/d3-scale@4.0.9 OK for: victory-vendor@37.3.6 want: ^4.0.2
191 silly placeDep ROOT @types/d3-shape@3.1.8 OK for: victory-vendor@37.3.6 want: ^3.1.0
192 silly placeDep ROOT @types/d3-time@3.0.4 OK for: victory-vendor@37.3.6 want: ^3.0.0
193 silly placeDep ROOT @types/d3-timer@3.0.2 OK for: victory-vendor@37.3.6 want: ^3.0.0
194 silly placeDep ROOT d3-array@3.2.4 OK for: victory-vendor@37.3.6 want: ^3.1.6
195 silly placeDep ROOT d3-ease@3.0.1 OK for: victory-vendor@37.3.6 want: ^3.0.1
196 silly placeDep ROOT d3-interpolate@3.0.1 OK for: victory-vendor@37.3.6 want: ^3.0.1
197 silly placeDep ROOT d3-scale@4.0.2 OK for: victory-vendor@37.3.6 want: ^4.0.2
198 silly placeDep ROOT d3-shape@3.2.0 OK for: victory-vendor@37.3.6 want: ^3.1.0
199 silly placeDep ROOT d3-time@3.1.0 OK for: victory-vendor@37.3.6 want: ^3.0.0
200 silly placeDep ROOT d3-timer@3.0.1 OK for: victory-vendor@37.3.6 want: ^3.0.1
201 silly fetch manifest @types/d3-color@*
202 silly packumentCache full:https://registry.npmjs.org/@types%2fd3-color cache-miss
203 silly fetch manifest @types/d3-time@*
204 silly packumentCache full:https://registry.npmjs.org/@types%2fd3-time cache-miss
205 silly fetch manifest @types/d3-path@*
206 silly packumentCache full:https://registry.npmjs.org/@types%2fd3-path cache-miss
207 silly fetch manifest internmap@1 - 2
208 silly packumentCache full:https://registry.npmjs.org/internmap cache-miss
209 silly fetch manifest d3-color@1 - 3
210 silly packumentCache full:https://registry.npmjs.org/d3-color cache-miss
211 silly fetch manifest d3-format@1 - 3
212 silly packumentCache full:https://registry.npmjs.org/d3-format cache-miss
213 silly fetch manifest d3-time@2.1.1 - 3
214 silly packumentCache full:https://registry.npmjs.org/d3-time cache-miss
215 silly fetch manifest d3-time-format@2 - 4
216 silly packumentCache full:https://registry.npmjs.org/d3-time-format cache-miss
217 silly fetch manifest d3-path@^3.1.0
218 silly packumentCache full:https://registry.npmjs.org/d3-path cache-miss
219 http cache https://registry.npmjs.org/@types%2fd3-time 12ms (cache hit)
220 silly packumentCache full:https://registry.npmjs.org/@types%2fd3-time set size:52652 disposed:false
221 http cache https://registry.npmjs.org/d3-time 11ms (cache hit)
222 silly packumentCache full:https://registry.npmjs.org/d3-time set size:150406 disposed:false
223 http fetch GET 200 https://registry.npmjs.org/internmap 109ms (cache miss)
224 silly packumentCache full:https://registry.npmjs.org/internmap set size:undefined disposed:false
225 http fetch GET 200 https://registry.npmjs.org/d3-path 118ms (cache miss)
226 silly packumentCache full:https://registry.npmjs.org/d3-path set size:undefined disposed:false
227 http fetch GET 200 https://registry.npmjs.org/@types%2fd3-path 134ms (cache miss)
228 silly packumentCache full:https://registry.npmjs.org/@types%2fd3-path set size:undefined disposed:false
229 http fetch GET 200 https://registry.npmjs.org/d3-time-format 133ms (cache miss)
230 silly packumentCache full:https://registry.npmjs.org/d3-time-format set size:undefined disposed:false
231 http fetch GET 200 https://registry.npmjs.org/d3-color 136ms (cache miss)
232 silly packumentCache full:https://registry.npmjs.org/d3-color set size:undefined disposed:false
233 http fetch GET 200 https://registry.npmjs.org/@types%2fd3-color 140ms (cache miss)
234 silly packumentCache full:https://registry.npmjs.org/@types%2fd3-color set size:undefined disposed:false
235 http fetch GET 200 https://registry.npmjs.org/d3-format 139ms (cache miss)
236 silly packumentCache full:https://registry.npmjs.org/d3-format set size:undefined disposed:false
237 silly placeDep ROOT @types/d3-color@3.1.3 OK for: @types/d3-interpolate@3.0.4 want: *
238 silly placeDep ROOT @types/d3-path@3.1.1 OK for: @types/d3-shape@3.1.8 want: *
239 silly placeDep ROOT internmap@2.0.3 OK for: d3-array@3.2.4 want: 1 - 2
240 silly placeDep ROOT d3-color@3.1.0 OK for: d3-interpolate@3.0.1 want: 1 - 3
241 silly placeDep ROOT d3-format@3.1.2 OK for: d3-scale@4.0.2 want: 1 - 3
242 silly placeDep ROOT d3-time-format@4.1.0 OK for: d3-scale@4.0.2 want: 2 - 4
243 silly placeDep ROOT d3-path@3.1.0 OK for: d3-shape@3.2.0 want: ^3.1.0
244 silly reify moves {}
245 silly audit bulk request {
245 silly audit   '@alloc/quick-lru': [ '5.2.0' ],
245 silly audit   '@babel/code-frame': [ '7.29.0' ],
245 silly audit   '@babel/compat-data': [ '7.29.0' ],
245 silly audit   '@babel/core': [ '7.29.0' ],
245 silly audit   '@babel/generator': [ '7.29.1' ],
245 silly audit   '@babel/helper-compilation-targets': [ '7.28.6' ],
245 silly audit   '@babel/helper-globals': [ '7.28.0' ],
245 silly audit   '@babel/helper-module-imports': [ '7.28.6' ],
245 silly audit   '@babel/helper-module-transforms': [ '7.28.6' ],
245 silly audit   '@babel/helper-string-parser': [ '7.27.1' ],
245 silly audit   '@babel/helper-validator-identifier': [ '7.28.5' ],
245 silly audit   '@babel/helper-validator-option': [ '7.27.1' ],
245 silly audit   '@babel/helpers': [ '7.29.2' ],
245 silly audit   '@babel/parser': [ '7.29.2' ],
245 silly audit   '@babel/template': [ '7.28.6' ],
245 silly audit   '@babel/traverse': [ '7.29.0' ],
245 silly audit   '@babel/types': [ '7.29.0' ],
245 silly audit   '@emnapi/core': [ '1.10.0' ],
245 silly audit   '@emnapi/runtime': [ '1.10.0' ],
245 silly audit   '@emnapi/wasi-threads': [ '1.2.1' ],
245 silly audit   '@eslint-community/eslint-utils': [ '4.9.1' ],
245 silly audit   'eslint-visitor-keys': [ '3.4.3', '5.0.1', '4.2.1' ],
245 silly audit   '@eslint-community/regexpp': [ '4.12.2' ],
245 silly audit   '@eslint/config-array': [ '0.21.2' ],
245 silly audit   '@eslint/config-helpers': [ '0.4.2' ],
245 silly audit   '@eslint/core': [ '0.17.0' ],
245 silly audit   '@eslint/eslintrc': [ '3.3.5' ],
245 silly audit   '@eslint/js': [ '9.39.4' ],
245 silly audit   '@eslint/object-schema': [ '2.1.7' ],
245 silly audit   '@eslint/plugin-kit': [ '0.4.1' ],
245 silly audit   '@humanfs/core': [ '0.19.1' ],
245 silly audit   '@humanfs/node': [ '0.16.7' ],
245 silly audit   '@humanwhocodes/module-importer': [ '1.0.1' ],
245 silly audit   '@humanwhocodes/retry': [ '0.4.3' ],
245 silly audit   '@img/colour': [ '1.1.0' ],
245 silly audit   '@img/sharp-darwin-arm64': [ '0.34.5' ],
245 silly audit   '@img/sharp-darwin-x64': [ '0.34.5' ],
245 silly audit   '@img/sharp-libvips-darwin-arm64': [ '1.2.4' ],
245 silly audit   '@img/sharp-libvips-darwin-x64': [ '1.2.4' ],
245 silly audit   '@img/sharp-libvips-linux-arm': [ '1.2.4' ],
245 silly audit   '@img/sharp-libvips-linux-arm64': [ '1.2.4' ],
245 silly audit   '@img/sharp-libvips-linux-ppc64': [ '1.2.4' ],
245 silly audit   '@img/sharp-libvips-linux-riscv64': [ '1.2.4' ],
245 silly audit   '@img/sharp-libvips-linux-s390x': [ '1.2.4' ],
245 silly audit   '@img/sharp-libvips-linux-x64': [ '1.2.4' ],
245 silly audit   '@img/sharp-libvips-linuxmusl-arm64': [ '1.2.4' ],
245 silly audit   '@img/sharp-libvips-linuxmusl-x64': [ '1.2.4' ],
245 silly audit   '@img/sharp-linux-arm': [ '0.34.5' ],
245 silly audit   '@img/sharp-linux-arm64': [ '0.34.5' ],
245 silly audit   '@img/sharp-linux-ppc64': [ '0.34.5' ],
245 silly audit   '@img/sharp-linux-riscv64': [ '0.34.5' ],
245 silly audit   '@img/sharp-linux-s390x': [ '0.34.5' ],
245 silly audit   '@img/sharp-linux-x64': [ '0.34.5' ],
245 silly audit   '@img/sharp-linuxmusl-arm64': [ '0.34.5' ],
245 silly audit   '@img/sharp-linuxmusl-x64': [ '0.34.5' ],
245 silly audit   '@img/sharp-wasm32': [ '0.34.5' ],
245 silly audit   '@img/sharp-win32-arm64': [ '0.34.5' ],
245 silly audit   '@img/sharp-win32-ia32': [ '0.34.5' ],
245 silly audit   '@img/sharp-win32-x64': [ '0.34.5' ],
245 silly audit   '@jridgewell/gen-mapping': [ '0.3.13' ],
245 silly audit   '@jridgewell/remapping': [ '2.3.5' ],
245 silly audit   '@jridgewell/resolve-uri': [ '3.1.2' ],
245 silly audit   '@jridgewell/sourcemap-codec': [ '1.5.5' ],
245 silly audit   '@jridgewell/trace-mapping': [ '0.3.31' ],
245 silly audit   '@napi-rs/wasm-runtime': [ '0.2.12' ],
245 silly audit   '@next/env': [ '16.2.4' ],
245 silly audit   '@next/eslint-plugin-next': [ '16.2.4' ],
245 silly audit   '@next/swc-darwin-arm64': [ '16.2.4' ],
245 silly audit   '@next/swc-darwin-x64': [ '16.2.4' ],
245 silly audit   '@next/swc-linux-arm64-gnu': [ '16.2.4' ],
245 silly audit   '@next/swc-linux-arm64-musl': [ '16.2.4' ],
245 silly audit   '@next/swc-linux-x64-gnu': [ '16.2.4' ],
245 silly audit   '@next/swc-linux-x64-musl': [ '16.2.4' ],
245 silly audit   '@next/swc-win32-arm64-msvc': [ '16.2.4' ],
245 silly audit   '@next/swc-win32-x64-msvc': [ '16.2.4' ],
245 silly audit   '@nodelib/fs.scandir': [ '2.1.5' ],
245 silly audit   '@nodelib/fs.stat': [ '2.0.5' ],
245 silly audit   '@nodelib/fs.walk': [ '1.2.8' ],
245 silly audit   '@nolyfill/is-core-module': [ '1.0.39' ],
245 silly audit   '@rtsao/scc': [ '1.1.0' ],
245 silly audit   '@swc/helpers': [ '0.5.15' ],
245 silly audit   '@tailwindcss/node': [ '4.2.2' ],
245 silly audit   '@tailwindcss/oxide': [ '4.2.2' ],
245 silly audit   '@tailwindcss/oxide-android-arm64': [ '4.2.2' ],
245 silly audit   '@tailwindcss/oxide-darwin-arm64': [ '4.2.2' ],
245 silly audit   '@tailwindcss/oxide-darwin-x64': [ '4.2.2' ],
245 silly audit   '@tailwindcss/oxide-freebsd-x64': [ '4.2.2' ],
245 silly audit   '@tailwindcss/oxide-linux-arm-gnueabihf': [ '4.2.2' ],
245 silly audit   '@tailwindcss/oxide-linux-arm64-gnu': [ '4.2.2' ],
245 silly audit   '@tailwindcss/oxide-linux-arm64-musl': [ '4.2.2' ],
245 silly audit   '@tailwindcss/oxide-linux-x64-gnu': [ '4.2.2' ],
245 silly audit   '@tailwindcss/oxide-linux-x64-musl': [ '4.2.2' ],
245 silly audit   '@tailwindcss/oxide-wasm32-wasi': [ '4.2.2' ],
245 silly audit   '@tailwindcss/oxide-win32-arm64-msvc': [ '4.2.2' ],
245 silly audit   '@tailwindcss/oxide-win32-x64-msvc': [ '4.2.2' ],
245 silly audit   '@tailwindcss/postcss': [ '4.2.2' ],
245 silly audit   '@tybys/wasm-util': [ '0.10.1' ],
245 silly audit   '@types/estree': [ '1.0.8' ],
245 silly audit   '@types/json-schema': [ '7.0.15' ],
245 silly audit   '@types/json5': [ '0.0.29' ],
245 silly audit   '@typescript-eslint/eslint-plugin': [ '8.58.2' ],
245 silly audit   ignore: [ '7.0.5', '5.3.2' ],
245 silly audit   '@typescript-eslint/parser': [ '8.58.2' ],
245 silly audit   '@typescript-eslint/project-service': [ '8.58.2' ],
245 silly audit   '@typescript-eslint/scope-manager': [ '8.58.2' ],
245 silly audit   '@typescript-eslint/tsconfig-utils': [ '8.58.2' ],
245 silly audit   '@typescript-eslint/type-utils': [ '8.58.2' ],
245 silly audit   '@typescript-eslint/types': [ '8.58.2' ],
245 silly audit   '@typescript-eslint/typescript-estree': [ '8.58.2' ],
245 silly audit   'balanced-match': [ '4.0.4', '1.0.2' ],
245 silly audit   'brace-expansion': [ '5.0.5', '1.1.14' ],
245 silly audit   minimatch: [ '10.2.5', '3.1.5' ],
245 silly audit   semver: [ '7.7.4', '6.3.1' ],
245 silly audit   '@typescript-eslint/utils': [ '8.58.2' ],
245 silly audit   '@typescript-eslint/visitor-keys': [ '8.58.2' ],
245 silly audit   '@unrs/resolver-binding-android-arm-eabi': [ '1.11.1' ],
245 silly audit   '@unrs/resolver-binding-android-arm64': [ '1.11.1' ],
245 silly audit   '@unrs/resolver-binding-darwin-arm64': [ '1.11.1' ],
245 silly audit   '@unrs/resolver-binding-darwin-x64': [ '1.11.1' ],
245 silly audit   '@unrs/resolver-binding-freebsd-x64': [ '1.11.1' ],
245 silly audit   '@unrs/resolver-binding-linux-arm-gnueabihf': [ '1.11.1' ],
245 silly audit   '@unrs/resolver-binding-linux-arm-musleabihf': [ '1.11.1' ],
245 silly audit   '@unrs/resolver-binding-linux-arm64-gnu': [ '1.11.1' ],
245 silly audit   '@unrs/resolver-binding-linux-arm64-musl': [ '1.11.1' ],
245 silly audit   '@unrs/resolver-binding-linux-ppc64-gnu': [ '1.11.1' ],
245 silly audit   '@unrs/resolver-binding-linux-riscv64-gnu': [ '1.11.1' ],
245 silly audit   '@unrs/resolver-binding-linux-riscv64-musl': [ '1.11.1' ],
245 silly audit   '@unrs/resolver-binding-linux-s390x-gnu': [ '1.11.1' ],
245 silly audit   '@unrs/resolver-binding-linux-x64-gnu': [ '1.11.1' ],
245 silly audit   '@unrs/resolver-binding-linux-x64-musl': [ '1.11.1' ],
245 silly audit   '@unrs/resolver-binding-wasm32-wasi': [ '1.11.1' ],
245 silly audit   '@unrs/resolver-binding-win32-arm64-msvc': [ '1.11.1' ],
245 silly audit   '@unrs/resolver-binding-win32-ia32-msvc': [ '1.11.1' ],
245 silly audit   '@unrs/resolver-binding-win32-x64-msvc': [ '1.11.1' ],
245 silly audit   acorn: [ '8.16.0' ],
245 silly audit   'acorn-jsx': [ '5.3.2' ],
245 silly audit   ajv: [ '6.14.0' ],
245 silly audit   'ansi-styles': [ '4.3.0' ],
245 silly audit   argparse: [ '2.0.1' ],
245 silly audit   'aria-query': [ '5.3.2' ],
245 silly audit   'array-buffer-byte-length': [ '1.0.2' ],
245 silly audit   'array-includes': [ '3.1.9' ],
245 silly audit   'array.prototype.findlast': [ '1.2.5' ],
245 silly audit   'array.prototype.findlastindex': [ '1.2.6' ],
245 silly audit   'array.prototype.flat': [ '1.3.3' ],
245 silly audit   'array.prototype.flatmap': [ '1.3.3' ],
245 silly audit   'array.prototype.tosorted': [ '1.1.4' ],
245 silly audit   'arraybuffer.prototype.slice': [ '1.0.4' ],
245 silly audit   'ast-types-flow': [ '0.0.8' ],
245 silly audit   'async-function': [ '1.0.0' ],
245 silly audit   'available-typed-arrays': [ '1.0.7' ],
245 silly audit   'axe-core': [ '4.11.3' ],
245 silly audit   'axobject-query': [ '4.1.0' ],
245 silly audit   'babel-plugin-react-compiler': [ '1.0.0' ],
245 silly audit   'baseline-browser-mapping': [ '2.10.19' ],
245 silly audit   braces: [ '3.0.3' ],
245 silly audit   browserslist: [ '4.28.2' ],
245 silly audit   'call-bind': [ '1.0.9' ],
245 silly audit   'call-bind-apply-helpers': [ '1.0.2' ],
245 silly audit   'call-bound': [ '1.0.4' ],
245 silly audit   callsites: [ '3.1.0' ],
245 silly audit   'caniuse-lite': [ '1.0.30001788' ],
245 silly audit   chalk: [ '4.1.2' ],
245 silly audit   'client-only': [ '0.0.1' ],
245 silly audit   clsx: [ '2.1.1' ],
245 silly audit   'color-convert': [ '2.0.1' ],
245 silly audit   'color-name': [ '1.1.4' ],
245 silly audit   'concat-map': [ '0.0.1' ],
245 silly audit   'convert-source-map': [ '2.0.0' ],
245 silly audit   'cross-spawn': [ '7.0.6' ],
245 silly audit   daisyui: [ '5.5.19' ],
245 silly audit   'damerau-levenshtein': [ '1.0.8' ],
245 silly audit   'data-view-buffer': [ '1.0.2' ],
245 silly audit   'data-view-byte-length': [ '1.0.2' ],
245 silly audit   'data-view-byte-offset': [ '1.0.1' ],
245 silly audit   debug: [ '4.4.3', '3.2.7' ],
245 silly audit   'deep-is': [ '0.1.4' ],
245 silly audit   'define-data-property': [ '1.1.4' ],
245 silly audit   'define-properties': [ '1.2.1' ],
245 silly audit   'detect-libc': [ '2.1.2' ],
245 silly audit   doctrine: [ '2.1.0' ],
245 silly audit   'dunder-proto': [ '1.0.1' ],
245 silly audit   'electron-to-chromium': [ '1.5.339' ],
245 silly audit   'emoji-regex': [ '9.2.2' ],
245 silly audit   'enhanced-resolve': [ '5.20.1' ],
245 silly audit   'es-abstract': [ '1.24.2' ],
245 silly audit   'es-define-property': [ '1.0.1' ],
245 silly audit   'es-errors': [ '1.3.0' ],
245 silly audit   'es-iterator-helpers': [ '1.3.2' ],
245 silly audit   'es-object-atoms': [ '1.1.1' ],
245 silly audit   'es-set-tostringtag': [ '2.1.0' ],
245 silly audit   'es-shim-unscopables': [ '1.1.0' ],
245 silly audit   'es-to-primitive': [ '1.3.0' ],
245 silly audit   escalade: [ '3.2.0' ],
245 silly audit   'escape-string-regexp': [ '4.0.0' ],
245 silly audit   eslint: [ '9.39.4' ],
245 silly audit   'eslint-config-next': [ '16.2.4' ],
245 silly audit   globals: [ '16.4.0', '14.0.0' ],
245 silly audit   'eslint-import-resolver-node': [ '0.3.10' ],
245 silly audit   'eslint-import-resolver-typescript': [ '3.10.1' ],
245 silly audit   'eslint-module-utils': [ '2.12.1' ],
245 silly audit   'eslint-plugin-import': [ '2.32.0' ],
245 silly audit   'eslint-plugin-jsx-a11y': [ '6.10.2' ],
245 silly audit   'eslint-plugin-react': [ '7.37.5' ],
245 silly audit   'eslint-plugin-react-hooks': [ '7.1.0' ],
245 silly audit   'eslint-scope': [ '8.4.0' ],
245 silly audit   espree: [ '10.4.0' ],
245 silly audit   esquery: [ '1.7.0' ],
245 silly audit   esrecurse: [ '4.3.0' ],
245 silly audit   estraverse: [ '5.3.0' ],
245 silly audit   esutils: [ '2.0.3' ],
245 silly audit   'fast-deep-equal': [ '3.1.3' ],
245 silly audit   'fast-glob': [ '3.3.1' ],
245 silly audit   'glob-parent': [ '5.1.2', '6.0.2' ],
245 silly audit   'fast-json-stable-stringify': [ '2.1.0' ],
245 silly audit   'fast-levenshtein': [ '2.0.6' ],
245 silly audit   fastq: [ '1.20.1' ],
245 silly audit   'file-entry-cache': [ '8.0.0' ],
245 silly audit   'fill-range': [ '7.1.1' ],
245 silly audit   'find-up': [ '5.0.0' ],
245 silly audit   'flat-cache': [ '4.0.1' ],
245 silly audit   flatted: [ '3.4.2' ],
245 silly audit   'for-each': [ '0.3.5' ],
245 silly audit   'function-bind': [ '1.1.2' ],
245 silly audit   'function.prototype.name': [ '1.1.8' ],
245 silly audit   'functions-have-names': [ '1.2.3' ],
245 silly audit   'generator-function': [ '2.0.1' ],
245 silly audit   gensync: [ '1.0.0-beta.2' ],
245 silly audit   'get-intrinsic': [ '1.3.0' ],
245 silly audit   'get-proto': [ '1.0.1' ],
245 silly audit   'get-symbol-description': [ '1.1.0' ],
245 silly audit   'get-tsconfig': [ '4.14.0' ],
245 silly audit   globalthis: [ '1.0.4' ],
245 silly audit   gopd: [ '1.2.0' ],
245 silly audit   'graceful-fs': [ '4.2.11' ],
245 silly audit   'has-bigints': [ '1.1.0' ],
245 silly audit   'has-flag': [ '4.0.0' ],
245 silly audit   'has-property-descriptors': [ '1.0.2' ],
245 silly audit   'has-proto': [ '1.2.0' ],
245 silly audit   'has-symbols': [ '1.1.0' ],
245 silly audit   'has-tostringtag': [ '1.0.2' ],
245 silly audit   hasown: [ '2.0.2' ],
245 silly audit   'hermes-estree': [ '0.25.1' ],
245 silly audit   'hermes-parser': [ '0.25.1' ],
245 silly audit   'import-fresh': [ '3.3.1' ],
245 silly audit   imurmurhash: [ '0.1.4' ],
245 silly audit   'internal-slot': [ '1.1.0' ],
245 silly audit   'is-array-buffer': [ '3.0.5' ],
245 silly audit   'is-async-function': [ '2.1.1' ],
245 silly audit   'is-bigint': [ '1.1.0' ],
245 silly audit   'is-boolean-object': [ '1.2.2' ],
245 silly audit   'is-bun-module': [ '2.0.0' ],
245 silly audit   'is-callable': [ '1.2.7' ],
245 silly audit   'is-core-module': [ '2.16.1' ],
245 silly audit   'is-data-view': [ '1.0.2' ],
245 silly audit   'is-date-object': [ '1.1.0' ],
245 silly audit   'is-extglob': [ '2.1.1' ],
245 silly audit   'is-finalizationregistry': [ '1.1.1' ],
245 silly audit   'is-generator-function': [ '1.1.2' ],
245 silly audit   'is-glob': [ '4.0.3' ],
245 silly audit   'is-map': [ '2.0.3' ],
245 silly audit   'is-negative-zero': [ '2.0.3' ],
245 silly audit   'is-number': [ '7.0.0' ],
245 silly audit   'is-number-object': [ '1.1.1' ],
245 silly audit   'is-regex': [ '1.2.1' ],
245 silly audit   'is-set': [ '2.0.3' ],
245 silly audit   'is-shared-array-buffer': [ '1.0.4' ],
245 silly audit   'is-string': [ '1.1.1' ],
245 silly audit   'is-symbol': [ '1.1.1' ],
245 silly audit   'is-typed-array': [ '1.1.15' ],
245 silly audit   'is-weakmap': [ '2.0.2' ],
245 silly audit   'is-weakref': [ '1.1.1' ],
245 silly audit   'is-weakset': [ '2.0.4' ],
245 silly audit   isarray: [ '2.0.5' ],
245 silly audit   isexe: [ '2.0.0' ],
245 silly audit   'iterator.prototype': [ '1.1.5' ],
245 silly audit   jiti: [ '2.6.1' ],
245 silly audit   'js-tokens': [ '4.0.0' ],
245 silly audit   'js-yaml': [ '4.1.1' ],
245 silly audit   jsesc: [ '3.1.0' ],
245 silly audit   'json-buffer': [ '3.0.1' ],
245 silly audit   'json-schema-traverse': [ '0.4.1' ],
245 silly audit   'json-stable-stringify-without-jsonify': [ '1.0.1' ],
245 silly audit   json5: [ '2.2.3', '1.0.2' ],
245 silly audit   'jsx-ast-utils': [ '3.3.5' ],
245 silly audit   keyv: [ '4.5.4' ],
245 silly audit   'language-subtag-registry': [ '0.3.23' ],
245 silly audit   'language-tags': [ '1.0.9' ],
245 silly audit   levn: [ '0.4.1' ],
245 silly audit   lightningcss: [ '1.32.0' ],
245 silly audit   'lightningcss-android-arm64': [ '1.32.0' ],
245 silly audit   'lightningcss-darwin-arm64': [ '1.32.0' ],
245 silly audit   'lightningcss-darwin-x64': [ '1.32.0' ],
245 silly audit   'lightningcss-freebsd-x64': [ '1.32.0' ],
245 silly audit   'lightningcss-linux-arm-gnueabihf': [ '1.32.0' ],
245 silly audit   'lightningcss-linux-arm64-gnu': [ '1.32.0' ],
245 silly audit   'lightningcss-linux-arm64-musl': [ '1.32.0' ],
245 silly audit   'lightningcss-linux-x64-gnu': [ '1.32.0' ],
245 silly audit   'lightningcss-linux-x64-musl': [ '1.32.0' ],
245 silly audit   'lightningcss-win32-arm64-msvc': [ '1.32.0' ],
245 silly audit   'lightningcss-win32-x64-msvc': [ '1.32.0' ],
245 silly audit   'locate-path': [ '6.0.0' ],
245 silly audit   'lodash.merge': [ '4.6.2' ],
245 silly audit   'loose-envify': [ '1.4.0' ],
245 silly audit   'lru-cache': [ '5.1.1' ],
245 silly audit   'magic-string': [ '0.30.21' ],
245 silly audit   'math-intrinsics': [ '1.1.0' ],
245 silly audit   merge2: [ '1.4.1' ],
245 silly audit   micromatch: [ '4.0.8' ],
245 silly audit   minimist: [ '1.2.8' ],
245 silly audit   ms: [ '2.1.3' ],
245 silly audit   nanoid: [ '3.3.11' ],
245 silly audit   'napi-postinstall': [ '0.3.4' ],
245 silly audit   'natural-compare': [ '1.4.0' ],
245 silly audit   next: [ '16.2.4' ],
245 silly audit   postcss: [ '8.4.31', '8.5.10' ],
245 silly audit   'node-exports-info': [ '1.6.0' ],
245 silly audit   'node-releases': [ '2.0.37' ],
245 silly audit   'object-assign': [ '4.1.1' ],
245 silly audit   'object-inspect': [ '1.13.4' ],
245 silly audit   'object-keys': [ '1.1.1' ],
245 silly audit   'object.assign': [ '4.1.7' ],
245 silly audit   'object.entries': [ '1.1.9' ],
245 silly audit   'object.fromentries': [ '2.0.8' ],
245 silly audit   'object.groupby': [ '1.0.3' ],
245 silly audit   'object.values': [ '1.2.1' ],
245 silly audit   optionator: [ '0.9.4' ],
245 silly audit   'own-keys': [ '1.0.1' ],
245 silly audit   'p-limit': [ '3.1.0' ],
245 silly audit   'p-locate': [ '5.0.0' ],
245 silly audit   'parent-module': [ '1.0.1' ],
245 silly audit   'path-exists': [ '4.0.0' ],
245 silly audit   'path-key': [ '3.1.1' ],
245 silly audit   'path-parse': [ '1.0.7' ],
245 silly audit   picocolors: [ '1.1.1' ],
245 silly audit   picomatch: [ '2.3.2', '4.0.4' ],
245 silly audit   'possible-typed-array-names': [ '1.1.0' ],
245 silly audit   'prelude-ls': [ '1.2.1' ],
245 silly audit   'prop-types': [ '15.8.1' ],
245 silly audit   punycode: [ '2.3.1' ],
245 silly audit   'queue-microtask': [ '1.2.3' ],
245 silly audit   react: [ '19.2.4' ],
245 silly audit   'react-dom': [ '19.2.4' ],
245 silly audit   'react-icons': [ '5.6.0' ],
245 silly audit   'react-is': [ '16.13.1' ],
245 silly audit   'react-toastify': [ '11.0.5' ],
245 silly audit   'reflect.getprototypeof': [ '1.0.10' ],
245 silly audit   'regexp.prototype.flags': [ '1.5.4' ],
245 silly audit   resolve: [ '2.0.0-next.6' ],
245 silly audit   'resolve-from': [ '4.0.0' ],
245 silly audit   'resolve-pkg-maps': [ '1.0.0' ],
245 silly audit   reusify: [ '1.1.0' ],
245 silly audit   'run-parallel': [ '1.2.0' ],
245 silly audit   'safe-array-concat': [ '1.1.3' ],
245 silly audit   'safe-push-apply': [ '1.0.0' ],
245 silly audit   'safe-regex-test': [ '1.1.0' ],
245 silly audit   scheduler: [ '0.27.0' ],
245 silly audit   'set-function-length': [ '1.2.2' ],
245 silly audit   'set-function-name': [ '2.0.2' ],
245 silly audit   'set-proto': [ '1.0.0' ],
245 silly audit   sharp: [ '0.34.5' ],
245 silly audit   'shebang-command': [ '2.0.0' ],
245 silly audit   'shebang-regex': [ '3.0.0' ],
245 silly audit   'side-channel': [ '1.1.0' ],
245 silly audit   'side-channel-list': [ '1.0.1' ],
245 silly audit   'side-channel-map': [ '1.0.1' ],
245 silly audit   'side-channel-weakmap': [ '1.0.2' ],
245 silly audit   'source-map-js': [ '1.2.1' ],
245 silly audit   'stable-hash': [ '0.0.5' ],
245 silly audit   'stop-iteration-iterator': [ '1.1.0' ],
245 silly audit   'string.prototype.includes': [ '2.0.1' ],
245 silly audit   'string.prototype.matchall': [ '4.0.12' ],
245 silly audit   'string.prototype.repeat': [ '1.0.0' ],
245 silly audit   'string.prototype.trim': [ '1.2.10' ],
245 silly audit   'string.prototype.trimend': [ '1.0.9' ],
245 silly audit   'string.prototype.trimstart': [ '1.0.8' ],
245 silly audit   'strip-bom': [ '3.0.0' ],
245 silly audit   'strip-json-comments': [ '3.1.1' ],
245 silly audit   'styled-jsx': [ '5.1.6' ],
245 silly audit   'supports-color': [ '7.2.0' ],
245 silly audit   'supports-preserve-symlinks-flag': [ '1.0.0' ],
245 silly audit   tailwindcss: [ '4.2.2' ],
245 silly audit   tapable: [ '2.3.2' ],
245 silly audit   tinyglobby: [ '0.2.16' ],
245 silly audit   fdir: [ '6.5.0' ],
245 silly audit   'to-regex-range': [ '5.0.1' ],
245 silly audit   'ts-api-utils': [ '2.5.0' ],
245 silly audit   'tsconfig-paths': [ '3.15.0' ],
245 silly audit   tslib: [ '2.8.1' ],
245 silly audit   'type-check': [ '0.4.0' ],
245 silly audit   'typed-array-buffer': [ '1.0.3' ],
245 silly audit   'typed-array-byte-length': [ '1.0.3' ],
245 silly audit   'typed-array-byte-offset': [ '1.0.4' ],
245 silly audit   'typed-array-length': [ '1.0.7' ],
245 silly audit   typescript: [ '6.0.3' ],
245 silly audit   'typescript-eslint': [ '8.58.2' ],
245 silly audit   'unbox-primitive': [ '1.1.0' ],
245 silly audit   'unrs-resolver': [ '1.11.1' ],
245 silly audit   'update-browserslist-db': [ '1.2.3' ],
245 silly audit   'uri-js': [ '4.4.1' ],
245 silly audit   which: [ '2.0.2' ],
245 silly audit   'which-boxed-primitive': [ '1.1.1' ],
245 silly audit   'which-builtin-type': [ '1.2.1' ],
245 silly audit   'which-collection': [ '1.0.2' ],
245 silly audit   'which-typed-array': [ '1.1.20' ],
245 silly audit   'word-wrap': [ '1.2.5' ],
245 silly audit   yallist: [ '3.1.1' ],
245 silly audit   'yocto-queue': [ '0.1.0' ],
245 silly audit   zod: [ '4.3.6' ],
245 silly audit   'zod-validation-error': [ '4.0.2' ],
245 silly audit   recharts: [ '3.8.1' ],
245 silly audit   '@reduxjs/toolkit': [ '2.11.2' ],
245 silly audit   'decimal.js-light': [ '2.5.1' ],
245 silly audit   'es-toolkit': [ '1.45.1' ],
245 silly audit   eventemitter3: [ '5.0.4' ],
245 silly audit   immer: [ '10.2.0', '11.1.4' ],
245 silly audit   'react-redux': [ '9.2.0' ],
245 silly audit   reselect: [ '5.1.1' ],
245 silly audit   'tiny-invariant': [ '1.3.3' ],
245 silly audit   'use-sync-external-store': [ '1.6.0' ],
245 silly audit   'victory-vendor': [ '37.3.6' ],
245 silly audit   '@standard-schema/spec': [ '1.1.0' ],
245 silly audit   '@standard-schema/utils': [ '0.3.0' ],
245 silly audit   redux: [ '5.0.1' ],
245 silly audit   'redux-thunk': [ '3.1.0' ],
245 silly audit   '@types/use-sync-external-store': [ '0.0.6' ],
245 silly audit   '@types/d3-array': [ '3.2.2' ],
245 silly audit   '@types/d3-ease': [ '3.0.2' ],
245 silly audit   '@types/d3-interpolate': [ '3.0.4' ],
245 silly audit   '@types/d3-scale': [ '4.0.9' ],
245 silly audit   '@types/d3-shape': [ '3.1.8' ],
245 silly audit   '@types/d3-time': [ '3.0.4' ],
245 silly audit   '@types/d3-timer': [ '3.0.2' ],
245 silly audit   'd3-array': [ '3.2.4' ],
245 silly audit   'd3-ease': [ '3.0.1' ],
245 silly audit   'd3-interpolate': [ '3.0.1' ],
245 silly audit   'd3-scale': [ '4.0.2' ],
245 silly audit   'd3-shape': [ '3.2.0' ],
245 silly audit   'd3-time': [ '3.1.0' ],
245 silly audit   'd3-timer': [ '3.0.1' ],
245 silly audit   '@types/d3-color': [ '3.1.3' ],
245 silly audit   '@types/d3-path': [ '3.1.1' ],
245 silly audit   internmap: [ '2.0.3' ],
245 silly audit   'd3-color': [ '3.1.0' ],
245 silly audit   'd3-format': [ '3.1.2' ],
245 silly audit   'd3-time-format': [ '4.1.0' ],
245 silly audit   'd3-path': [ '3.1.0' ]
245 silly audit }
246 http cache d3-path@https://registry.npmjs.org/d3-path/-/d3-path-3.1.0.tgz 0ms (cache hit)
247 http cache d3-time-format@https://registry.npmjs.org/d3-time-format/-/d3-time-format-4.1.0.tgz 0ms (cache hit)
248 http cache d3-format@https://registry.npmjs.org/d3-format/-/d3-format-3.1.2.tgz 0ms (cache hit)
249 http cache d3-color@https://registry.npmjs.org/d3-color/-/d3-color-3.1.0.tgz 0ms (cache hit)
250 http cache internmap@https://registry.npmjs.org/internmap/-/internmap-2.0.3.tgz 0ms (cache hit)
251 http cache @types/d3-path@https://registry.npmjs.org/@types/d3-path/-/d3-path-3.1.1.tgz 0ms (cache hit)
252 http cache @types/d3-color@https://registry.npmjs.org/@types/d3-color/-/d3-color-3.1.3.tgz 0ms (cache hit)
253 http cache d3-timer@https://registry.npmjs.org/d3-timer/-/d3-timer-3.0.1.tgz 0ms (cache hit)
254 http cache d3-time@https://registry.npmjs.org/d3-time/-/d3-time-3.1.0.tgz 0ms (cache hit)
255 http cache d3-scale@https://registry.npmjs.org/d3-scale/-/d3-scale-4.0.2.tgz 0ms (cache hit)
256 http cache d3-shape@https://registry.npmjs.org/d3-shape/-/d3-shape-3.2.0.tgz 0ms (cache hit)
257 http cache d3-ease@https://registry.npmjs.org/d3-ease/-/d3-ease-3.0.1.tgz 0ms (cache hit)
258 http cache d3-array@https://registry.npmjs.org/d3-array/-/d3-array-3.2.4.tgz 0ms (cache hit)
259 http cache d3-interpolate@https://registry.npmjs.org/d3-interpolate/-/d3-interpolate-3.0.1.tgz 0ms (cache hit)
260 http cache @types/d3-timer@https://registry.npmjs.org/@types/d3-timer/-/d3-timer-3.0.2.tgz 0ms (cache hit)
261 http cache @types/d3-time@https://registry.npmjs.org/@types/d3-time/-/d3-time-3.0.4.tgz 0ms (cache hit)
262 http cache @types/d3-shape@https://registry.npmjs.org/@types/d3-shape/-/d3-shape-3.1.8.tgz 0ms (cache hit)
263 http cache @types/d3-scale@https://registry.npmjs.org/@types/d3-scale/-/d3-scale-4.0.9.tgz 0ms (cache hit)
264 http cache @types/d3-ease@https://registry.npmjs.org/@types/d3-ease/-/d3-ease-3.0.2.tgz 0ms (cache hit)
265 http cache redux-thunk@https://registry.npmjs.org/redux-thunk/-/redux-thunk-3.1.0.tgz 0ms (cache hit)
266 http cache @types/d3-array@https://registry.npmjs.org/@types/d3-array/-/d3-array-3.2.2.tgz 0ms (cache hit)
267 http cache @types/use-sync-external-store@https://registry.npmjs.org/@types/use-sync-external-store/-/use-sync-external-store-0.0.6.tgz 0ms (cache hit)
268 http cache @standard-schema/utils@https://registry.npmjs.org/@standard-schema/utils/-/utils-0.3.0.tgz 0ms (cache hit)
269 http cache redux@https://registry.npmjs.org/redux/-/redux-5.0.1.tgz 0ms (cache hit)
270 http cache @standard-schema/spec@https://registry.npmjs.org/@standard-schema/spec/-/spec-1.1.0.tgz 0ms (cache hit)
271 http cache victory-vendor@https://registry.npmjs.org/victory-vendor/-/victory-vendor-37.3.6.tgz 0ms (cache hit)
272 http cache @types/d3-interpolate@https://registry.npmjs.org/@types/d3-interpolate/-/d3-interpolate-3.0.4.tgz 0ms (cache hit)
273 http cache use-sync-external-store@https://registry.npmjs.org/use-sync-external-store/-/use-sync-external-store-1.6.0.tgz 0ms (cache hit)
274 http cache tiny-invariant@https://registry.npmjs.org/tiny-invariant/-/tiny-invariant-1.3.3.tgz 0ms (cache hit)
275 http cache reselect@https://registry.npmjs.org/reselect/-/reselect-5.1.1.tgz 0ms (cache hit)
276 http cache react-redux@https://registry.npmjs.org/react-redux/-/react-redux-9.2.0.tgz 0ms (cache hit)
277 http cache @reduxjs/toolkit@https://registry.npmjs.org/@reduxjs/toolkit/-/toolkit-2.11.2.tgz 0ms (cache hit)
278 http cache immer@https://registry.npmjs.org/immer/-/immer-10.2.0.tgz 0ms (cache hit)
279 http cache immer@https://registry.npmjs.org/immer/-/immer-11.1.4.tgz 0ms (cache hit)
280 http cache decimal.js-light@https://registry.npmjs.org/decimal.js-light/-/decimal.js-light-2.5.1.tgz 0ms (cache hit)
281 http cache recharts@https://registry.npmjs.org/recharts/-/recharts-3.8.1.tgz 0ms (cache hit)
282 silly tarball no local data for d3-path@https://registry.npmjs.org/d3-path/-/d3-path-3.1.0.tgz. Extracting by manifest.
283 silly tarball no local data for d3-time-format@https://registry.npmjs.org/d3-time-format/-/d3-time-format-4.1.0.tgz. Extracting by manifest.
284 silly tarball no local data for d3-format@https://registry.npmjs.org/d3-format/-/d3-format-3.1.2.tgz. Extracting by manifest.
285 silly tarball no local data for d3-color@https://registry.npmjs.org/d3-color/-/d3-color-3.1.0.tgz. Extracting by manifest.
286 http cache eventemitter3@https://registry.npmjs.org/eventemitter3/-/eventemitter3-5.0.4.tgz 0ms (cache hit)
287 silly tarball no local data for internmap@https://registry.npmjs.org/internmap/-/internmap-2.0.3.tgz. Extracting by manifest.
288 http cache es-toolkit@https://registry.npmjs.org/es-toolkit/-/es-toolkit-1.45.1.tgz 0ms (cache hit)
289 silly tarball no local data for @types/d3-path@https://registry.npmjs.org/@types/d3-path/-/d3-path-3.1.1.tgz. Extracting by manifest.
290 silly tarball no local data for @types/d3-color@https://registry.npmjs.org/@types/d3-color/-/d3-color-3.1.3.tgz. Extracting by manifest.
291 silly tarball no local data for d3-timer@https://registry.npmjs.org/d3-timer/-/d3-timer-3.0.1.tgz. Extracting by manifest.
292 silly tarball no local data for d3-time@https://registry.npmjs.org/d3-time/-/d3-time-3.1.0.tgz. Extracting by manifest.
293 silly tarball no local data for d3-scale@https://registry.npmjs.org/d3-scale/-/d3-scale-4.0.2.tgz. Extracting by manifest.
294 silly tarball no local data for d3-shape@https://registry.npmjs.org/d3-shape/-/d3-shape-3.2.0.tgz. Extracting by manifest.
295 silly tarball no local data for d3-ease@https://registry.npmjs.org/d3-ease/-/d3-ease-3.0.1.tgz. Extracting by manifest.
296 silly tarball no local data for d3-array@https://registry.npmjs.org/d3-array/-/d3-array-3.2.4.tgz. Extracting by manifest.
297 silly tarball no local data for d3-interpolate@https://registry.npmjs.org/d3-interpolate/-/d3-interpolate-3.0.1.tgz. Extracting by manifest.
298 silly tarball no local data for @types/d3-timer@https://registry.npmjs.org/@types/d3-timer/-/d3-timer-3.0.2.tgz. Extracting by manifest.
299 silly tarball no local data for @types/d3-time@https://registry.npmjs.org/@types/d3-time/-/d3-time-3.0.4.tgz. Extracting by manifest.
300 silly tarball no local data for @types/d3-shape@https://registry.npmjs.org/@types/d3-shape/-/d3-shape-3.1.8.tgz. Extracting by manifest.
301 silly tarball no local data for @types/d3-scale@https://registry.npmjs.org/@types/d3-scale/-/d3-scale-4.0.9.tgz. Extracting by manifest.
302 silly tarball no local data for @types/d3-ease@https://registry.npmjs.org/@types/d3-ease/-/d3-ease-3.0.2.tgz. Extracting by manifest.
303 silly tarball no local data for redux-thunk@https://registry.npmjs.org/redux-thunk/-/redux-thunk-3.1.0.tgz. Extracting by manifest.
304 silly tarball no local data for @types/d3-array@https://registry.npmjs.org/@types/d3-array/-/d3-array-3.2.2.tgz. Extracting by manifest.
305 silly tarball no local data for @types/use-sync-external-store@https://registry.npmjs.org/@types/use-sync-external-store/-/use-sync-external-store-0.0.6.tgz. Extracting by manifest.
306 silly tarball no local data for @standard-schema/utils@https://registry.npmjs.org/@standard-schema/utils/-/utils-0.3.0.tgz. Extracting by manifest.
307 silly tarball no local data for redux@https://registry.npmjs.org/redux/-/redux-5.0.1.tgz. Extracting by manifest.
308 silly tarball no local data for @standard-schema/spec@https://registry.npmjs.org/@standard-schema/spec/-/spec-1.1.0.tgz. Extracting by manifest.
309 silly tarball no local data for victory-vendor@https://registry.npmjs.org/victory-vendor/-/victory-vendor-37.3.6.tgz. Extracting by manifest.
310 silly tarball no local data for @types/d3-interpolate@https://registry.npmjs.org/@types/d3-interpolate/-/d3-interpolate-3.0.4.tgz. Extracting by manifest.
311 silly tarball no local data for use-sync-external-store@https://registry.npmjs.org/use-sync-external-store/-/use-sync-external-store-1.6.0.tgz. Extracting by manifest.
312 silly tarball no local data for tiny-invariant@https://registry.npmjs.org/tiny-invariant/-/tiny-invariant-1.3.3.tgz. Extracting by manifest.
313 silly tarball no local data for reselect@https://registry.npmjs.org/reselect/-/reselect-5.1.1.tgz. Extracting by manifest.
314 silly tarball no local data for react-redux@https://registry.npmjs.org/react-redux/-/react-redux-9.2.0.tgz. Extracting by manifest.
315 silly tarball no local data for @reduxjs/toolkit@https://registry.npmjs.org/@reduxjs/toolkit/-/toolkit-2.11.2.tgz. Extracting by manifest.
316 silly tarball no local data for immer@https://registry.npmjs.org/immer/-/immer-10.2.0.tgz. Extracting by manifest.
317 silly tarball no local data for immer@https://registry.npmjs.org/immer/-/immer-11.1.4.tgz. Extracting by manifest.
318 silly tarball no local data for decimal.js-light@https://registry.npmjs.org/decimal.js-light/-/decimal.js-light-2.5.1.tgz. Extracting by manifest.
319 silly tarball no local data for recharts@https://registry.npmjs.org/recharts/-/recharts-3.8.1.tgz. Extracting by manifest.
320 silly tarball no local data for eventemitter3@https://registry.npmjs.org/eventemitter3/-/eventemitter3-5.0.4.tgz. Extracting by manifest.
321 silly tarball no local data for es-toolkit@https://registry.npmjs.org/es-toolkit/-/es-toolkit-1.45.1.tgz. Extracting by manifest.
322 http fetch GET 200 https://registry.npmjs.org/d3-time/-/d3-time-3.1.0.tgz 161ms (cache miss)
323 http fetch GET 200 https://registry.npmjs.org/@types/d3-path/-/d3-path-3.1.1.tgz 165ms (cache miss)
324 http fetch GET 200 https://registry.npmjs.org/d3-path/-/d3-path-3.1.0.tgz 206ms (cache miss)
325 http fetch GET 200 https://registry.npmjs.org/@types/d3-color/-/d3-color-3.1.3.tgz 225ms (cache miss)
326 http fetch POST 200 https://registry.npmjs.org/-/npm/v1/security/advisories/bulk 274ms
327 silly audit report {}
328 http fetch GET 200 https://registry.npmjs.org/internmap/-/internmap-2.0.3.tgz 276ms (cache miss)
329 http fetch GET 200 https://registry.npmjs.org/@types/d3-timer/-/d3-timer-3.0.2.tgz 426ms (cache miss)
330 http fetch GET 200 https://registry.npmjs.org/@standard-schema/utils/-/utils-0.3.0.tgz 437ms (cache miss)
331 http fetch GET 200 https://registry.npmjs.org/d3-timer/-/d3-timer-3.0.1.tgz 446ms (cache miss)
332 http fetch GET 200 https://registry.npmjs.org/eventemitter3/-/eventemitter3-5.0.4.tgz 430ms (cache miss)
333 http fetch GET 200 https://registry.npmjs.org/@types/d3-ease/-/d3-ease-3.0.2.tgz 441ms (cache miss)
334 http fetch GET 200 https://registry.npmjs.org/@types/use-sync-external-store/-/use-sync-external-store-0.0.6.tgz 441ms (cache miss)
335 http fetch GET 200 https://registry.npmjs.org/@types/d3-array/-/d3-array-3.2.2.tgz 444ms (cache miss)
336 http fetch GET 200 https://registry.npmjs.org/@types/d3-scale/-/d3-scale-4.0.9.tgz 448ms (cache miss)
337 http fetch GET 200 https://registry.npmjs.org/@types/d3-interpolate/-/d3-interpolate-3.0.4.tgz 445ms (cache miss)
338 http fetch GET 200 https://registry.npmjs.org/@types/d3-time/-/d3-time-3.0.4.tgz 459ms (cache miss)
339 http fetch GET 200 https://registry.npmjs.org/@standard-schema/spec/-/spec-1.1.0.tgz 467ms (cache miss)
340 http fetch GET 200 https://registry.npmjs.org/@types/d3-shape/-/d3-shape-3.1.8.tgz 489ms (cache miss)
341 http fetch GET 200 https://registry.npmjs.org/d3-color/-/d3-color-3.1.0.tgz 497ms (cache miss)
342 http fetch GET 200 https://registry.npmjs.org/redux-thunk/-/redux-thunk-3.1.0.tgz 497ms (cache miss)
343 http fetch GET 200 https://registry.npmjs.org/tiny-invariant/-/tiny-invariant-1.3.3.tgz 528ms (cache miss)
344 http fetch GET 200 https://registry.npmjs.org/d3-ease/-/d3-ease-3.0.1.tgz 543ms (cache miss)
345 http fetch GET 200 https://registry.npmjs.org/decimal.js-light/-/decimal.js-light-2.5.1.tgz 535ms (cache miss)
346 http fetch GET 200 https://registry.npmjs.org/use-sync-external-store/-/use-sync-external-store-1.6.0.tgz 557ms (cache miss)
347 http fetch GET 200 https://registry.npmjs.org/d3-scale/-/d3-scale-4.0.2.tgz 636ms (cache miss)
348 http fetch GET 200 https://registry.npmjs.org/d3-interpolate/-/d3-interpolate-3.0.1.tgz 634ms (cache miss)
349 http fetch GET 200 https://registry.npmjs.org/redux/-/redux-5.0.1.tgz 672ms (cache miss)
350 http fetch GET 200 https://registry.npmjs.org/d3-time-format/-/d3-time-format-4.1.0.tgz 695ms (cache miss)
351 http fetch GET 200 https://registry.npmjs.org/reselect/-/reselect-5.1.1.tgz 687ms (cache miss)
352 http fetch GET 200 https://registry.npmjs.org/immer/-/immer-10.2.0.tgz 718ms (cache miss)
353 http fetch GET 200 https://registry.npmjs.org/immer/-/immer-11.1.4.tgz 726ms (cache miss)
354 http fetch GET 200 https://registry.npmjs.org/d3-array/-/d3-array-3.2.4.tgz 776ms (cache miss)
355 http fetch GET 200 https://registry.npmjs.org/react-redux/-/react-redux-9.2.0.tgz 781ms (cache miss)
356 http fetch GET 200 https://registry.npmjs.org/d3-format/-/d3-format-3.1.2.tgz 800ms (cache miss)
357 http fetch GET 200 https://registry.npmjs.org/d3-shape/-/d3-shape-3.2.0.tgz 800ms (cache miss)
358 http fetch GET 200 https://registry.npmjs.org/victory-vendor/-/victory-vendor-37.3.6.tgz 1488ms (cache miss)
359 http fetch GET 200 https://registry.npmjs.org/@reduxjs/toolkit/-/toolkit-2.11.2.tgz 1512ms (cache miss)
360 http fetch GET 200 https://registry.npmjs.org/recharts/-/recharts-3.8.1.tgz 2620ms (cache miss)
361 http fetch GET 200 https://registry.npmjs.org/es-toolkit/-/es-toolkit-1.45.1.tgz 6105ms (cache miss)
362 silly ADD node_modules/d3-path
363 silly ADD node_modules/d3-time-format
364 silly ADD node_modules/d3-format
365 silly ADD node_modules/d3-color
366 silly ADD node_modules/internmap
367 silly ADD node_modules/@types/d3-path
368 silly ADD node_modules/@types/d3-color
369 silly ADD node_modules/d3-timer
370 silly ADD node_modules/d3-time
371 silly ADD node_modules/d3-shape
372 silly ADD node_modules/d3-scale
373 silly ADD node_modules/d3-interpolate
374 silly ADD node_modules/d3-ease
375 silly ADD node_modules/d3-array
376 silly ADD node_modules/@types/d3-timer
377 silly ADD node_modules/@types/d3-time
378 silly ADD node_modules/@types/d3-shape
379 silly ADD node_modules/@types/d3-scale
380 silly ADD node_modules/@types/d3-interpolate
381 silly ADD node_modules/@types/d3-ease
382 silly ADD node_modules/@types/d3-array
383 silly ADD node_modules/@types/use-sync-external-store
384 silly ADD node_modules/redux-thunk
385 silly ADD node_modules/redux
386 silly ADD node_modules/@standard-schema/utils
387 silly ADD node_modules/@standard-schema/spec
388 silly ADD node_modules/victory-vendor
389 silly ADD node_modules/use-sync-external-store
390 silly ADD node_modules/tiny-invariant
391 silly ADD node_modules/reselect
392 silly ADD node_modules/react-redux
393 silly ADD node_modules/immer
394 silly ADD node_modules/eventemitter3
395 silly ADD node_modules/es-toolkit
396 silly ADD node_modules/decimal.js-light
397 silly ADD node_modules/@reduxjs/toolkit
398 silly ADD node_modules/@reduxjs/toolkit/node_modules/immer
399 silly ADD node_modules/recharts
400 verbose cwd C:\phero\b13-a7-keen-keeper
401 verbose os Windows_NT 10.0.26200
402 verbose node v25.2.1
403 verbose npm  v11.6.2
404 verbose exit 0
405 info ok
